E:\XboxLiveRocks\XboxLiveRocks\Release\cl.command.1.tlog
E:\XboxLiveRocks\XboxLiveRocks\Release\CL.read.1.tlog
E:\XboxLiveRocks\XboxLiveRocks\Release\CL.write.1.tlog
E:\XBOXLIVEROCKS\XBOXLIVEROCKS\RELEASE\CONN.OBJ
E:\XBOXLIVEROCKS\XBOXLIVEROCKS\RELEASE\HV.OBJ
E:\XboxLiveRocks\XboxLiveRocks\Release\link.command.1.tlog
E:\XboxLiveRocks\XboxLiveRocks\Release\link.read.1.tlog
E:\XboxLiveRocks\XboxLiveRocks\Release\link.write.1.tlog
E:\XBOXLIVEROCKS\XBOXLIVEROCKS\RELEASE\SERV.OBJ
E:\XBOXLIVEROCKS\XBOXLIVEROCKS\RELEASE\STDAFX.OBJ
E:\XBOXLIVEROCKS\XBOXLIVEROCKS\RELEASE\TITLE.OBJ
E:\XBOXLIVEROCKS\XBOXLIVEROCKS\RELEASE\TOOLS.OBJ
E:\XboxLiveRocks\XboxLiveRocks\Release\vc100.idb
E:\XBOXLIVEROCKS\XBOXLIVEROCKS\RELEASE\VC100.PDB
E:\XBOXLIVEROCKS\XBOXLIVEROCKS\RELEASE\XBOX.OBJ
E:\XBOXLIVEROCKS\XBOXLIVEROCKS\RELEASE\XBOXLIVEROCKS.OBJ
E:\XBOXLIVEROCKS\XBOXLIVEROCKS\RELEASE\XBOXLIVEROCKS.PCH
E:\XboxLiveRocks\XboxLiveRocks\Release\XboxLiveRocks.pdb
E:\XboxLiveRocks\XboxLiveRocks\Release\XboxLiveRocks.write.1.tlog
E:\XboxLiveRocks\XboxLiveRocks\Release\XboxLiveRocks.xdb
