C:\Users\Cyanide\Desktop\XboxLiveRocks\XboxLiveRocks\Release_LTCG\cl.command.1.tlog
C:\Users\Cyanide\Desktop\XboxLiveRocks\XboxLiveRocks\Release_LTCG\CL.read.1.tlog
C:\Users\Cyanide\Desktop\XboxLiveRocks\XboxLiveRocks\Release_LTCG\CL.write.1.tlog
C:\USERS\CYANIDE\DESKTOP\XBOXLIVEROCKS\XBOXLIVEROCKS\RELEASE_LTCG\CONN.OBJ
C:\USERS\CYANIDE\DESKTOP\XBOXLIVEROCKS\XBOXLIVEROCKS\RELEASE_LTCG\GAME.OBJ
C:\USERS\CYANIDE\DESKTOP\XBOXLIVEROCKS\XBOXLIVEROCKS\RELEASE_LTCG\HV.OBJ
C:\USERS\CYANIDE\DESKTOP\XBOXLIVEROCKS\XBOXLIVEROCKS\RELEASE_LTCG\KV.OBJ
C:\Users\Cyanide\Desktop\XboxLiveRocks\XboxLiveRocks\Release_LTCG\link.command.1.tlog
C:\Users\Cyanide\Desktop\XboxLiveRocks\XboxLiveRocks\Release_LTCG\link.read.1.tlog
C:\Users\Cyanide\Desktop\XboxLiveRocks\XboxLiveRocks\Release_LTCG\link.write.1.tlog
C:\USERS\CYANIDE\DESKTOP\XBOXLIVEROCKS\XBOXLIVEROCKS\RELEASE_LTCG\SERVER.OBJ
C:\USERS\CYANIDE\DESKTOP\XBOXLIVEROCKS\XBOXLIVEROCKS\RELEASE_LTCG\STDAFX.OBJ
C:\USERS\CYANIDE\DESKTOP\XBOXLIVEROCKS\XBOXLIVEROCKS\RELEASE_LTCG\SYS.OBJ
C:\USERS\CYANIDE\DESKTOP\XBOXLIVEROCKS\XBOXLIVEROCKS\RELEASE_LTCG\TOOLS.OBJ
C:\Users\Cyanide\Desktop\XboxLiveRocks\XboxLiveRocks\Release_LTCG\vc100.idb
C:\USERS\CYANIDE\DESKTOP\XBOXLIVEROCKS\XBOXLIVEROCKS\RELEASE_LTCG\VC100.PDB
C:\USERS\CYANIDE\DESKTOP\XBOXLIVEROCKS\XBOXLIVEROCKS\RELEASE_LTCG\XBOXLIVEROCKS.EXE
C:\USERS\CYANIDE\DESKTOP\XBOXLIVEROCKS\XBOXLIVEROCKS\RELEASE_LTCG\XBOXLIVEROCKS.OBJ
C:\USERS\CYANIDE\DESKTOP\XBOXLIVEROCKS\XBOXLIVEROCKS\RELEASE_LTCG\XBOXLIVEROCKS.PCH
C:\USERS\CYANIDE\DESKTOP\XBOXLIVEROCKS\XBOXLIVEROCKS\RELEASE_LTCG\XBOXLIVEROCKS.PDB
C:\Users\Cyanide\Desktop\XboxLiveRocks\XboxLiveRocks\Release_LTCG\XboxLiveRocks.xdb
